
*** Running vivado
    with args -log CONV1_WEI_64BX3X3.vds -m64 -product Vivado -mode batch -messageDb vivado.pb -notrace -source CONV1_WEI_64BX3X3.tcl


****** Vivado v2018.3 (64-bit)
  **** SW Build 2405991 on Thu Dec  6 23:38:27 MST 2018
  **** IP Build 2404404 on Fri Dec  7 01:43:56 MST 2018
    ** Copyright 1986-2018 Xilinx, Inc. All Rights Reserved.

source CONV1_WEI_64BX3X3.tcl -notrace
Command: synth_design -top CONV1_WEI_64BX3X3 -part xcku115-flvd1517-1-i -mode out_of_context
Starting synth_design
Attempting to get a license for feature 'Synthesis' and/or device 'xcku115'
INFO: [Common 17-349] Got license for feature 'Synthesis' and/or device 'xcku115'
INFO: Launching helper process for spawning children vivado processes
INFO: Helper process launched with PID 3864 
---------------------------------------------------------------------------------
Starting RTL Elaboration : Time (s): cpu = 00:00:03 ; elapsed = 00:00:03 . Memory (MB): peak = 469.934 ; gain = 95.547
---------------------------------------------------------------------------------
INFO: [Synth 8-638] synthesizing module 'CONV1_WEI_64BX3X3' [b:/wd/Huabei/Huabei/Jingjinhai_Army/Huabei_JJH_Ar/Huabei_JJH_Ar.srcs/sources_1/ip/CONV1_WEI_64BX3X3/synth/CONV1_WEI_64BX3X3.vhd:66]
	Parameter C_FAMILY bound to: kintexu - type: string 
	Parameter C_ADDR_WIDTH bound to: 4 - type: integer 
	Parameter C_DEFAULT_DATA bound to: 0 - type: string 
	Parameter C_DEPTH bound to: 16 - type: integer 
	Parameter C_HAS_CLK bound to: 0 - type: integer 
	Parameter C_HAS_D bound to: 0 - type: integer 
	Parameter C_HAS_DPO bound to: 0 - type: integer 
	Parameter C_HAS_DPRA bound to: 0 - type: integer 
	Parameter C_HAS_I_CE bound to: 0 - type: integer 
	Parameter C_HAS_QDPO bound to: 0 - type: integer 
	Parameter C_HAS_QDPO_CE bound to: 0 - type: integer 
	Parameter C_HAS_QDPO_CLK bound to: 0 - type: integer 
	Parameter C_HAS_QDPO_RST bound to: 0 - type: integer 
	Parameter C_HAS_QDPO_SRST bound to: 0 - type: integer 
	Parameter C_HAS_QSPO bound to: 0 - type: integer 
	Parameter C_HAS_QSPO_CE bound to: 0 - type: integer 
	Parameter C_HAS_QSPO_RST bound to: 0 - type: integer 
	Parameter C_HAS_QSPO_SRST bound to: 0 - type: integer 
	Parameter C_HAS_SPO bound to: 1 - type: integer 
	Parameter C_HAS_WE bound to: 0 - type: integer 
	Parameter C_MEM_INIT_FILE bound to: CONV1_WEI_64BX3X3.mif - type: string 
	Parameter C_ELABORATION_DIR bound to: ./ - type: string 
	Parameter C_MEM_TYPE bound to: 0 - type: integer 
	Parameter C_PIPELINE_STAGES bound to: 0 - type: integer 
	Parameter C_QCE_JOINED bound to: 0 - type: integer 
	Parameter C_QUALIFY_WE bound to: 0 - type: integer 
	Parameter C_READ_MIF bound to: 1 - type: integer 
	Parameter C_REG_A_D_INPUTS bound to: 0 - type: integer 
	Parameter C_REG_DPRA_INPUT bound to: 0 - type: integer 
	Parameter C_SYNC_ENABLE bound to: 1 - type: integer 
	Parameter C_WIDTH bound to: 512 - type: integer 
	Parameter C_PARSER_TYPE bound to: 1 - type: integer 
INFO: [Synth 8-3491] module 'dist_mem_gen_v8_0_12' declared at 'b:/wd/Huabei/Huabei/Jingjinhai_Army/Huabei_JJH_Ar/Huabei_JJH_Ar.srcs/sources_1/ip/CONV1_WEI_64BX3X3/hdl/dist_mem_gen_v8_0_vhsyn_rfs.vhd:3237' bound to instance 'U0' of component 'dist_mem_gen_v8_0_12' [b:/wd/Huabei/Huabei/Jingjinhai_Army/Huabei_JJH_Ar/Huabei_JJH_Ar.srcs/sources_1/ip/CONV1_WEI_64BX3X3/synth/CONV1_WEI_64BX3X3.vhd:132]
INFO: [Synth 8-256] done synthesizing module 'CONV1_WEI_64BX3X3' (4#1) [b:/wd/Huabei/Huabei/Jingjinhai_Army/Huabei_JJH_Ar/Huabei_JJH_Ar.srcs/sources_1/ip/CONV1_WEI_64BX3X3/synth/CONV1_WEI_64BX3X3.vhd:66]
WARNING: [Synth 8-3331] design rom has unconnected port qspo[511]
WARNING: [Synth 8-3331] design rom has unconnected port qspo[510]
WARNING: [Synth 8-3331] design rom has unconnected port qspo[509]
WARNING: [Synth 8-3331] design rom has unconnected port qspo[508]
WARNING: [Synth 8-3331] design rom has unconnected port qspo[507]
WARNING: [Synth 8-3331] design rom has unconnected port qspo[506]
WARNING: [Synth 8-3331] design rom has unconnected port qspo[505]
WARNING: [Synth 8-3331] design rom has unconnected port qspo[504]
WARNING: [Synth 8-3331] design rom has unconnected port qspo[503]
WARNING: [Synth 8-3331] design rom has unconnected port qspo[502]
WARNING: [Synth 8-3331] design rom has unconnected port qspo[501]
WARNING: [Synth 8-3331] design rom has unconnected port qspo[500]
WARNING: [Synth 8-3331] design rom has unconnected port qspo[499]
WARNING: [Synth 8-3331] design rom has unconnected port qspo[498]
WARNING: [Synth 8-3331] design rom has unconnected port qspo[497]
WARNING: [Synth 8-3331] design rom has unconnected port qspo[496]
WARNING: [Synth 8-3331] design rom has unconnected port qspo[495]
WARNING: [Synth 8-3331] design rom has unconnected port qspo[494]
WARNING: [Synth 8-3331] design rom has unconnected port qspo[493]
WARNING: [Synth 8-3331] design rom has unconnected port qspo[492]
WARNING: [Synth 8-3331] design rom has unconnected port qspo[491]
WARNING: [Synth 8-3331] design rom has unconnected port qspo[490]
WARNING: [Synth 8-3331] design rom has unconnected port qspo[489]
WARNING: [Synth 8-3331] design rom has unconnected port qspo[488]
WARNING: [Synth 8-3331] design rom has unconnected port qspo[487]
WARNING: [Synth 8-3331] design rom has unconnected port qspo[486]
WARNING: [Synth 8-3331] design rom has unconnected port qspo[485]
WARNING: [Synth 8-3331] design rom has unconnected port qspo[484]
WARNING: [Synth 8-3331] design rom has unconnected port qspo[483]
WARNING: [Synth 8-3331] design rom has unconnected port qspo[482]
WARNING: [Synth 8-3331] design rom has unconnected port qspo[481]
WARNING: [Synth 8-3331] design rom has unconnected port qspo[480]
WARNING: [Synth 8-3331] design rom has unconnected port qspo[479]
WARNING: [Synth 8-3331] design rom has unconnected port qspo[478]
WARNING: [Synth 8-3331] design rom has unconnected port qspo[477]
WARNING: [Synth 8-3331] design rom has unconnected port qspo[476]
WARNING: [Synth 8-3331] design rom has unconnected port qspo[475]
WARNING: [Synth 8-3331] design rom has unconnected port qspo[474]
WARNING: [Synth 8-3331] design rom has unconnected port qspo[473]
WARNING: [Synth 8-3331] design rom has unconnected port qspo[472]
WARNING: [Synth 8-3331] design rom has unconnected port qspo[471]
WARNING: [Synth 8-3331] design rom has unconnected port qspo[470]
WARNING: [Synth 8-3331] design rom has unconnected port qspo[469]
WARNING: [Synth 8-3331] design rom has unconnected port qspo[468]
WARNING: [Synth 8-3331] design rom has unconnected port qspo[467]
WARNING: [Synth 8-3331] design rom has unconnected port qspo[466]
WARNING: [Synth 8-3331] design rom has unconnected port qspo[465]
WARNING: [Synth 8-3331] design rom has unconnected port qspo[464]
WARNING: [Synth 8-3331] design rom has unconnected port qspo[463]
WARNING: [Synth 8-3331] design rom has unconnected port qspo[462]
WARNING: [Synth 8-3331] design rom has unconnected port qspo[461]
WARNING: [Synth 8-3331] design rom has unconnected port qspo[460]
WARNING: [Synth 8-3331] design rom has unconnected port qspo[459]
WARNING: [Synth 8-3331] design rom has unconnected port qspo[458]
WARNING: [Synth 8-3331] design rom has unconnected port qspo[457]
WARNING: [Synth 8-3331] design rom has unconnected port qspo[456]
WARNING: [Synth 8-3331] design rom has unconnected port qspo[455]
WARNING: [Synth 8-3331] design rom has unconnected port qspo[454]
WARNING: [Synth 8-3331] design rom has unconnected port qspo[453]
WARNING: [Synth 8-3331] design rom has unconnected port qspo[452]
WARNING: [Synth 8-3331] design rom has unconnected port qspo[451]
WARNING: [Synth 8-3331] design rom has unconnected port qspo[450]
WARNING: [Synth 8-3331] design rom has unconnected port qspo[449]
WARNING: [Synth 8-3331] design rom has unconnected port qspo[448]
WARNING: [Synth 8-3331] design rom has unconnected port qspo[447]
WARNING: [Synth 8-3331] design rom has unconnected port qspo[446]
WARNING: [Synth 8-3331] design rom has unconnected port qspo[445]
WARNING: [Synth 8-3331] design rom has unconnected port qspo[444]
WARNING: [Synth 8-3331] design rom has unconnected port qspo[443]
WARNING: [Synth 8-3331] design rom has unconnected port qspo[442]
WARNING: [Synth 8-3331] design rom has unconnected port qspo[441]
WARNING: [Synth 8-3331] design rom has unconnected port qspo[440]
WARNING: [Synth 8-3331] design rom has unconnected port qspo[439]
WARNING: [Synth 8-3331] design rom has unconnected port qspo[438]
WARNING: [Synth 8-3331] design rom has unconnected port qspo[437]
WARNING: [Synth 8-3331] design rom has unconnected port qspo[436]
WARNING: [Synth 8-3331] design rom has unconnected port qspo[435]
WARNING: [Synth 8-3331] design rom has unconnected port qspo[434]
WARNING: [Synth 8-3331] design rom has unconnected port qspo[433]
WARNING: [Synth 8-3331] design rom has unconnected port qspo[432]
WARNING: [Synth 8-3331] design rom has unconnected port qspo[431]
WARNING: [Synth 8-3331] design rom has unconnected port qspo[430]
WARNING: [Synth 8-3331] design rom has unconnected port qspo[429]
WARNING: [Synth 8-3331] design rom has unconnected port qspo[428]
WARNING: [Synth 8-3331] design rom has unconnected port qspo[427]
WARNING: [Synth 8-3331] design rom has unconnected port qspo[426]
WARNING: [Synth 8-3331] design rom has unconnected port qspo[425]
WARNING: [Synth 8-3331] design rom has unconnected port qspo[424]
WARNING: [Synth 8-3331] design rom has unconnected port qspo[423]
WARNING: [Synth 8-3331] design rom has unconnected port qspo[422]
WARNING: [Synth 8-3331] design rom has unconnected port qspo[421]
WARNING: [Synth 8-3331] design rom has unconnected port qspo[420]
WARNING: [Synth 8-3331] design rom has unconnected port qspo[419]
WARNING: [Synth 8-3331] design rom has unconnected port qspo[418]
WARNING: [Synth 8-3331] design rom has unconnected port qspo[417]
WARNING: [Synth 8-3331] design rom has unconnected port qspo[416]
WARNING: [Synth 8-3331] design rom has unconnected port qspo[415]
WARNING: [Synth 8-3331] design rom has unconnected port qspo[414]
WARNING: [Synth 8-3331] design rom has unconnected port qspo[413]
WARNING: [Synth 8-3331] design rom has unconnected port qspo[412]
INFO: [Common 17-14] Message 'Synth 8-3331' appears 100 times and further instances of the messages will be disabled. Use the Tcl command set_msg_config to change the current settings.
---------------------------------------------------------------------------------
Finished RTL Elaboration : Time (s): cpu = 00:00:05 ; elapsed = 00:00:05 . Memory (MB): peak = 541.418 ; gain = 167.031
---------------------------------------------------------------------------------

Report Check Netlist: 
+------+------------------+-------+---------+-------+------------------+
|      |Item              |Errors |Warnings |Status |Description       |
+------+------------------+-------+---------+-------+------------------+
|1     |multi_driven_nets |      0|        0|Passed |Multi driven nets |
+------+------------------+-------+---------+-------+------------------+
---------------------------------------------------------------------------------
Start Handling Custom Attributes
---------------------------------------------------------------------------------
---------------------------------------------------------------------------------
Finished Handling Custom Attributes : Time (s): cpu = 00:00:05 ; elapsed = 00:00:05 . Memory (MB): peak = 541.418 ; gain = 167.031
---------------------------------------------------------------------------------
---------------------------------------------------------------------------------
Finished RTL Optimization Phase 1 : Time (s): cpu = 00:00:05 ; elapsed = 00:00:05 . Memory (MB): peak = 541.418 ; gain = 167.031
---------------------------------------------------------------------------------
INFO: [Device 21-403] Loading part xcku115-flvd1517-1-i
INFO: [Project 1-570] Preparing netlist for logic optimization

Processing XDC Constraints
Initializing timing engine
Parsing XDC File [b:/wd/Huabei/Huabei/Jingjinhai_Army/Huabei_JJH_Ar/Huabei_JJH_Ar.srcs/sources_1/ip/CONV1_WEI_64BX3X3/CONV1_WEI_64BX3X3_ooc.xdc] for cell 'U0'
Finished Parsing XDC File [b:/wd/Huabei/Huabei/Jingjinhai_Army/Huabei_JJH_Ar/Huabei_JJH_Ar.srcs/sources_1/ip/CONV1_WEI_64BX3X3/CONV1_WEI_64BX3X3_ooc.xdc] for cell 'U0'
Parsing XDC File [B:/wd/Huabei/Huabei/Jingjinhai_Army/Huabei_JJH_Ar/Huabei_JJH_Ar.runs/CONV1_WEI_64BX3X3_synth_1/dont_touch.xdc]
Finished Parsing XDC File [B:/wd/Huabei/Huabei/Jingjinhai_Army/Huabei_JJH_Ar/Huabei_JJH_Ar.runs/CONV1_WEI_64BX3X3_synth_1/dont_touch.xdc]
Completed Processing XDC Constraints

Netlist sorting complete. Time (s): cpu = 00:00:00 ; elapsed = 00:00:00 . Memory (MB): peak = 1161.266 ; gain = 0.000
INFO: [Project 1-111] Unisim Transformation Summary:
No Unisim elements were transformed.

Netlist sorting complete. Time (s): cpu = 00:00:00 ; elapsed = 00:00:00 . Memory (MB): peak = 1161.266 ; gain = 0.000
Constraint Validation Runtime : Time (s): cpu = 00:00:00 ; elapsed = 00:00:00.020 . Memory (MB): peak = 1162.742 ; gain = 1.477
---------------------------------------------------------------------------------
Finished Constraint Validation : Time (s): cpu = 00:00:12 ; elapsed = 00:00:13 . Memory (MB): peak = 1162.742 ; gain = 788.355
---------------------------------------------------------------------------------
---------------------------------------------------------------------------------
Start Loading Part and Timing Information
---------------------------------------------------------------------------------
Loading part: xcku115-flvd1517-1-i
INFO: [Synth 8-6742] Reading net delay rules and data
---------------------------------------------------------------------------------
Finished Loading Part and Timing Information : Time (s): cpu = 00:00:12 ; elapsed = 00:00:13 . Memory (MB): peak = 1162.742 ; gain = 788.355
---------------------------------------------------------------------------------
---------------------------------------------------------------------------------
Start Applying 'set_property' XDC Constraints
---------------------------------------------------------------------------------
Applied set_property DONT_TOUCH = true for U0. (constraint file  B:/wd/Huabei/Huabei/Jingjinhai_Army/Huabei_JJH_Ar/Huabei_JJH_Ar.runs/CONV1_WEI_64BX3X3_synth_1/dont_touch.xdc, line 9).
---------------------------------------------------------------------------------
Finished applying 'set_property' XDC Constraints : Time (s): cpu = 00:00:12 ; elapsed = 00:00:14 . Memory (MB): peak = 1162.742 ; gain = 788.355
---------------------------------------------------------------------------------
---------------------------------------------------------------------------------
Finished RTL Optimization Phase 2 : Time (s): cpu = 00:00:12 ; elapsed = 00:00:14 . Memory (MB): peak = 1162.742 ; gain = 788.355
---------------------------------------------------------------------------------

Report RTL Partitions: 
+-+--------------+------------+----------+
| |RTL Partition |Replication |Instances |
+-+--------------+------------+----------+
+-+--------------+------------+----------+
---------------------------------------------------------------------------------
Start RTL Component Statistics 
---------------------------------------------------------------------------------
Detailed RTL Component Info : 
---------------------------------------------------------------------------------
Finished RTL Component Statistics 
---------------------------------------------------------------------------------
---------------------------------------------------------------------------------
Start RTL Hierarchical Component Statistics 
---------------------------------------------------------------------------------
Hierarchical RTL Component report 
---------------------------------------------------------------------------------
Finished RTL Hierarchical Component Statistics
---------------------------------------------------------------------------------
---------------------------------------------------------------------------------
Start Part Resource Summary
---------------------------------------------------------------------------------
Part Resources:
DSPs: 5520 (col length:120)
BRAMs: 4320 (col length: RAMB18 240 RAMB36 120)
---------------------------------------------------------------------------------
Finished Part Resource Summary
---------------------------------------------------------------------------------
---------------------------------------------------------------------------------
Start Cross Boundary and Area Optimization
---------------------------------------------------------------------------------
Warning: Parallel synthesis criteria is not met 
---------------------------------------------------------------------------------
Finished Cross Boundary and Area Optimization : Time (s): cpu = 00:00:13 ; elapsed = 00:00:14 . Memory (MB): peak = 1162.742 ; gain = 788.355
---------------------------------------------------------------------------------
---------------------------------------------------------------------------------
Start ROM, RAM, DSP and Shift Register Reporting
---------------------------------------------------------------------------------

ROM:
+---------------------+------------------------------------------------------+---------------+----------------+
|Module Name          | RTL Object                                           | Depth x Width | Implemented As | 
+---------------------+------------------------------------------------------+---------------+----------------+
|rom                  | rom[15]                                              | 16x506        | LUT            | 
|dist_mem_gen_v8_0_12 | synth_options.dist_mem_inst/gen_rom.rom_inst/rom[15] | 16x506        | LUT            | 
+---------------------+------------------------------------------------------+---------------+----------------+

---------------------------------------------------------------------------------
Finished ROM, RAM, DSP and Shift Register Reporting
---------------------------------------------------------------------------------

Report RTL Partitions: 
+-+--------------+------------+----------+
| |RTL Partition |Replication |Instances |
+-+--------------+------------+----------+
+-+--------------+------------+----------+
---------------------------------------------------------------------------------
Start Applying XDC Timing Constraints
---------------------------------------------------------------------------------
---------------------------------------------------------------------------------
Finished Applying XDC Timing Constraints : Time (s): cpu = 00:00:18 ; elapsed = 00:00:20 . Memory (MB): peak = 1394.070 ; gain = 1019.684
---------------------------------------------------------------------------------
---------------------------------------------------------------------------------
Start Timing Optimization
---------------------------------------------------------------------------------
---------------------------------------------------------------------------------
Finished Timing Optimization : Time (s): cpu = 00:00:18 ; elapsed = 00:00:20 . Memory (MB): peak = 1394.219 ; gain = 1019.832
---------------------------------------------------------------------------------

Report RTL Partitions: 
+-+--------------+------------+----------+
| |RTL Partition |Replication |Instances |
+-+--------------+------------+----------+
+-+--------------+------------+----------+
---------------------------------------------------------------------------------
Start Technology Mapping
---------------------------------------------------------------------------------
---------------------------------------------------------------------------------
Finished Technology Mapping : Time (s): cpu = 00:00:18 ; elapsed = 00:00:20 . Memory (MB): peak = 1404.246 ; gain = 1029.859
---------------------------------------------------------------------------------

Report RTL Partitions: 
+-+--------------+------------+----------+
| |RTL Partition |Replication |Instances |
+-+--------------+------------+----------+
+-+--------------+------------+----------+
---------------------------------------------------------------------------------
Start IO Insertion
---------------------------------------------------------------------------------
---------------------------------------------------------------------------------
Start Flattening Before IO Insertion
---------------------------------------------------------------------------------
---------------------------------------------------------------------------------
Finished Flattening Before IO Insertion
---------------------------------------------------------------------------------
---------------------------------------------------------------------------------
Start Final Netlist Cleanup
---------------------------------------------------------------------------------
---------------------------------------------------------------------------------
Finished Final Netlist Cleanup
---------------------------------------------------------------------------------
---------------------------------------------------------------------------------
Finished IO Insertion : Time (s): cpu = 00:00:19 ; elapsed = 00:00:21 . Memory (MB): peak = 1404.246 ; gain = 1029.859
---------------------------------------------------------------------------------

Report Check Netlist: 
+------+------------------+-------+---------+-------+------------------+
|      |Item              |Errors |Warnings |Status |Description       |
+------+------------------+-------+---------+-------+------------------+
|1     |multi_driven_nets |      0|        0|Passed |Multi driven nets |
+------+------------------+-------+---------+-------+------------------+
---------------------------------------------------------------------------------
Start Renaming Generated Instances
---------------------------------------------------------------------------------
---------------------------------------------------------------------------------
Finished Renaming Generated Instances : Time (s): cpu = 00:00:19 ; elapsed = 00:00:21 . Memory (MB): peak = 1404.246 ; gain = 1029.859
---------------------------------------------------------------------------------

Report RTL Partitions: 
+-+--------------+------------+----------+
| |RTL Partition |Replication |Instances |
+-+--------------+------------+----------+
+-+--------------+------------+----------+
---------------------------------------------------------------------------------
Start Rebuilding User Hierarchy
---------------------------------------------------------------------------------
---------------------------------------------------------------------------------
Finished Rebuilding User Hierarchy : Time (s): cpu = 00:00:19 ; elapsed = 00:00:21 . Memory (MB): peak = 1404.246 ; gain = 1029.859
---------------------------------------------------------------------------------
---------------------------------------------------------------------------------
Start Renaming Generated Ports
---------------------------------------------------------------------------------
---------------------------------------------------------------------------------
Finished Renaming Generated Ports : Time (s): cpu = 00:00:19 ; elapsed = 00:00:21 . Memory (MB): peak = 1404.246 ; gain = 1029.859
---------------------------------------------------------------------------------
---------------------------------------------------------------------------------
Start Handling Custom Attributes
---------------------------------------------------------------------------------
---------------------------------------------------------------------------------
Finished Handling Custom Attributes : Time (s): cpu = 00:00:19 ; elapsed = 00:00:21 . Memory (MB): peak = 1404.246 ; gain = 1029.859
---------------------------------------------------------------------------------
---------------------------------------------------------------------------------
Start Renaming Generated Nets
---------------------------------------------------------------------------------
---------------------------------------------------------------------------------
Finished Renaming Generated Nets : Time (s): cpu = 00:00:19 ; elapsed = 00:00:21 . Memory (MB): peak = 1404.246 ; gain = 1029.859
---------------------------------------------------------------------------------
---------------------------------------------------------------------------------
Start Writing Synthesis Report
---------------------------------------------------------------------------------

Report BlackBoxes: 
+-+--------------+----------+
| |BlackBox name |Instances |
+-+--------------+----------+
+-+--------------+----------+

Report Cell Usage: 
+------+-----+------+
|      |Cell |Count |
+------+-----+------+
|1     |LUT3 |     1|
|2     |LUT4 |     1|
+------+-----+------+

Report Instance Areas: 
+------+----------------------------------+---------------------------+------+
|      |Instance                          |Module                     |Cells |
+------+----------------------------------+---------------------------+------+
|1     |top                               |                           |     2|
|2     |  U0                              |dist_mem_gen_v8_0_12       |     2|
|3     |    \synth_options.dist_mem_inst  |dist_mem_gen_v8_0_12_synth |     2|
|4     |      \gen_rom.rom_inst           |rom                        |     2|
+------+----------------------------------+---------------------------+------+
---------------------------------------------------------------------------------
Finished Writing Synthesis Report : Time (s): cpu = 00:00:19 ; elapsed = 00:00:21 . Memory (MB): peak = 1404.246 ; gain = 1029.859
---------------------------------------------------------------------------------
Synthesis finished with 0 errors, 0 critical warnings and 2062 warnings.
Synthesis Optimization Runtime : Time (s): cpu = 00:00:09 ; elapsed = 00:00:15 . Memory (MB): peak = 1404.246 ; gain = 408.535
Synthesis Optimization Complete : Time (s): cpu = 00:00:19 ; elapsed = 00:00:21 . Memory (MB): peak = 1404.246 ; gain = 1029.859
INFO: [Project 1-571] Translating synthesized netlist
INFO: [Project 1-570] Preparing netlist for logic optimization
INFO: [Opt 31-138] Pushed 0 inverter(s) to 0 load pin(s).
Netlist sorting complete. Time (s): cpu = 00:00:00 ; elapsed = 00:00:00 . Memory (MB): peak = 1454.992 ; gain = 0.000
INFO: [Project 1-111] Unisim Transformation Summary:
No Unisim elements were transformed.

INFO: [Common 17-83] Releasing license: Synthesis
14 Infos, 100 Warnings, 0 Critical Warnings and 0 Errors encountered.
synth_design completed successfully
synth_design: Time (s): cpu = 00:00:21 ; elapsed = 00:00:25 . Memory (MB): peak = 1454.992 ; gain = 1081.148
Netlist sorting complete. Time (s): cpu = 00:00:00 ; elapsed = 00:00:00 . Memory (MB): peak = 1454.992 ; gain = 0.000
WARNING: [Constraints 18-5210] No constraints selected for write.
Resolution: This message can indicate that there are no constraints for the design, or it can indicate that the used_in flags are set such that the constraints are ignored. This later case is used when running synth_design to not write synthesis constraints to the resulting checkpoint. Instead, project constraints are read when the synthesized design is opened.
INFO: [Common 17-1381] The checkpoint 'B:/wd/Huabei/Huabei/Jingjinhai_Army/Huabei_JJH_Ar/Huabei_JJH_Ar.runs/CONV1_WEI_64BX3X3_synth_1/CONV1_WEI_64BX3X3.dcp' has been generated.
INFO: [Coretcl 2-1648] Added synthesis output to IP cache for IP CONV1_WEI_64BX3X3, cache-ID = 8b1e84326cc36c01
INFO: [Coretcl 2-1174] Renamed 3 cell refs.
Netlist sorting complete. Time (s): cpu = 00:00:00 ; elapsed = 00:00:00 . Memory (MB): peak = 1459.344 ; gain = 0.000
WARNING: [Constraints 18-5210] No constraints selected for write.
Resolution: This message can indicate that there are no constraints for the design, or it can indicate that the used_in flags are set such that the constraints are ignored. This later case is used when running synth_design to not write synthesis constraints to the resulting checkpoint. Instead, project constraints are read when the synthesized design is opened.
INFO: [Common 17-1381] The checkpoint 'B:/wd/Huabei/Huabei/Jingjinhai_Army/Huabei_JJH_Ar/Huabei_JJH_Ar.runs/CONV1_WEI_64BX3X3_synth_1/CONV1_WEI_64BX3X3.dcp' has been generated.
INFO: [runtcl-4] Executing : report_utilization -file CONV1_WEI_64BX3X3_utilization_synth.rpt -pb CONV1_WEI_64BX3X3_utilization_synth.pb
INFO: [Common 17-206] Exiting Vivado at Fri Mar  5 21:44:39 2021...
